
Showing logs for build [32mcb-kubecd-environment-pr-175-1-lrlxg-1[0m stage [32mfrom-build-pack[0m and container [32mstep-credential-initializer-rbjj5[0m
{"level":"warn","ts":1583462489.6354182,"logger":"fallback-logger","caller":"logging/config.go:69","msg":"Fetch GitHub commit ID from kodata failed: \"ref: refs/heads/0.8.0-**-support-backwards-incompats\" is not a valid GitHub commit ID"}
{"level":"info","ts":1583462489.6361983,"logger":"fallback-logger","caller":"creds-init/main.go:40","msg":"Credentials initialized."}

Showing logs for build [32mcb-kubecd-environment-pr-175-1-lrlxg-1[0m stage [32mfrom-build-pack[0m and container [32mstep-working-dir-initializer-rk8r5[0m
{"level":"warn","ts":1583462490.7321274,"logger":"fallback-logger","caller":"logging/config.go:69","msg":"Fetch GitHub commit ID from kodata failed: open /var/run/ko/HEAD: no such file or directory"}
{"level":"info","ts":1583462490.7432716,"logger":"fallback-logger","caller":"bash/main.go:64","msg":"Successfully executed command \"sh -c mkdir -p /workspace/source\"; output "}

Showing logs for build [32mcb-kubecd-environment-pr-175-1-lrlxg-1[0m stage [32mfrom-build-pack[0m and container [32mstep-place-tools[0m

Showing logs for build [32mcb-kubecd-environment-pr-175-1-lrlxg-1[0m stage [32mfrom-build-pack[0m and container [32mstep-git-source-cb-kubecd-environment-pr-175-1-lrlxg-rwd7v[0m
{"level":"warn","ts":1583462494.967358,"logger":"fallback-logger","caller":"logging/config.go:69","msg":"Fetch GitHub commit ID from kodata failed: \"ref: refs/heads/0.8.0-**-support-backwards-incompats\" is not a valid GitHub commit ID"}
{"level":"info","ts":1583462496.0376241,"logger":"fallback-logger","caller":"git/git.go:103","msg":"Successfully cloned https://github.com/cb-kubecd/environment-pr-175-1-boot-gke-production.git @ master in path /workspace/source"}

Showing logs for build [32mcb-kubecd-environment-pr-175-1-lrlxg-1[0m stage [32mfrom-build-pack[0m and container [32mstep-git-merge[0m
Using SHAs from PULL_REFS=master:9bd9c6f1a0b1d9ab99b7d571e440e000ef2dd5c8,1:a84e817a77d653d93ee81d844afce11eadb49987
DEBUG: LC_ALL=C JX_LOG_LEVEL=error git fetch origin --unshallow a84e817a77d653d93ee81d844afce11eadb49987: 9bd9c6f1a0b1d9ab99b7d571e440e000ef2dd5c8:
DEBUG: ran git fetch --unshallow origin a84e817a77d653d93ee81d844afce11eadb49987: 9bd9c6f1a0b1d9ab99b7d571e440e000ef2dd5c8: in 
DEBUG: LC_ALL=C JX_LOG_LEVEL=error git branch
DEBUG: LC_ALL=C JX_LOG_LEVEL=error git checkout master
DEBUG: ran git checkout master in 
DEBUG: LC_ALL=C JX_LOG_LEVEL=error git reset --hard 9bd9c6f1a0b1d9ab99b7d571e440e000ef2dd5c8
DEBUG: ran git reset --hard 9bd9c6f1a0b1d9ab99b7d571e440e000ef2dd5c8 in 
DEBUG: LC_ALL=C JX_LOG_LEVEL=error git clean -fd .
DEBUG: ran clean --force -d . in 
DEBUG: LC_ALL=C JX_LOG_LEVEL=error git merge a84e817a77d653d93ee81d844afce11eadb49987
DEBUG: ran git merge a84e817a77d653d93ee81d844afce11eadb49987 in 
DEBUG: LC_ALL=C JX_LOG_LEVEL=error git log --format=%H%x1f%an%x1f%ae%x1f%cn%x1f%ce%x1f%s%n%b%x1e 9bd9c6f1a0b1d9ab99b7d571e440e000ef2dd5c8..HEAD
Merged SHA a84e817a77d653d93ee81d844afce11eadb49987 with commit message 'chore: Promote bdd-spring-1583461601 to version 0.0.1' into base branch master

Showing logs for build [32mcb-kubecd-environment-pr-175-1-lrlxg-1[0m stage [32mfrom-build-pack[0m and container [32mstep-build-helm-build[0m
WARNING: No $CHART_REPOSITORY defined so using the default value of: http://jenkins-x-chartmuseum:8080
Adding missing Helm repo: storage.googleapis.com https://storage.googleapis.com/chartmuseum.jenkins-x.io
WARNING: No secrets found on "helm/repos" due: reading the secret "helm/repos" from vault: no secret "helm/repos" not found in vault
Read credentials for https://storage.googleapis.com/chartmuseum.jenkins-x.io from vault helm/repos
Successfully added Helm repository storage.googleapis.com.
Adding missing Helm repo: jenkins-x-chartmuseum http://jenkins-x-chartmuseum:8080
WARNING: No secrets found on "helm/repos" due: reading the secret "helm/repos" from vault: no secret "helm/repos" not found in vault
Read credentials for http://jenkins-x-chartmuseum:8080 from vault helm/repos
Successfully added Helm repository jenkins-x-chartmuseum.
WARNING: No $CHART_REPOSITORY defined so using the default value of: http://jenkins-x-chartmuseum:8080
Adding missing Helm repo: chartmuseum.jenkins-x.io http://chartmuseum.jenkins-x.io
WARNING: No secrets found on "helm/repos" due: reading the secret "helm/repos" from vault: no secret "helm/repos" not found in vault
Read credentials for http://chartmuseum.jenkins-x.io from vault helm/repos
Successfully added Helm repository chartmuseum.jenkins-x.io.
